2025-05-27 23:53:43,156 - INFO - Starting data ingestion process...
2025-05-27 23:53:43,964 - INFO - Retrieved 0 active symbols
2025-05-27 23:53:43,966 - ERROR - No symbols retrieved
2025-05-27 23:56:13,270 - INFO - Starting data ingestion process...
2025-05-27 23:56:13,781 - INFO - Retrieved 0 active symbols
2025-05-27 23:56:13,783 - ERROR - No symbols retrieved, using default symbol list
2025-05-27 23:56:13,783 - ERROR - Fatal error in main process: name 'DEFAULT_SYMBOLS' is not defined
2025-05-27 23:56:47,933 - INFO - Starting data ingestion process...
2025-05-27 23:56:48,712 - INFO - Retrieved 0 active symbols
2025-05-27 23:56:48,725 - ERROR - No symbols retrieved, using default symbol list
2025-05-27 23:56:48,726 - ERROR - Fatal error in main process: name 'DEFAULT_SYMBOLS' is not defined
2025-05-27 23:59:13,576 - INFO - Starting data ingestion process...
2025-05-27 23:59:13,601 - INFO - Attempting to fetch symbols from Alpha Vantage Listing Status API...
2025-05-27 23:59:14,314 - WARNING - No symbols found in Alpha Vantage API response, using default symbols
2025-05-27 23:59:14,314 - INFO - Final symbol list contains 100 unique symbols
2025-05-27 23:59:14,316 - INFO - Working with 100 symbols
2025-05-27 23:59:14,341 - INFO - Found 0 already processed symbols
2025-05-27 23:59:14,341 - INFO - Will process 100 new symbols
2025-05-27 23:59:14,342 - INFO - Processing batch 1 of 20 (5 symbols)
2025-05-27 23:59:14,342 - INFO - Processing data for AAPL...
2025-05-28 00:00:30,117 - INFO - Completed processing for AAPL
2025-05-28 00:00:42,119 - INFO - Processing data for ABT...
2025-05-28 00:01:57,189 - INFO - Completed processing for ABT
2025-05-28 00:02:09,192 - INFO - Processing data for AEP...
2025-05-28 00:03:23,005 - INFO - Completed processing for AEP
2025-05-28 00:03:35,006 - INFO - Processing data for AMD...
2025-05-28 00:04:49,122 - INFO - Completed processing for AMD
2025-05-28 00:05:01,123 - INFO - Processing data for AMGN...
2025-05-28 00:06:15,174 - INFO - Completed processing for AMGN
2025-05-28 00:06:27,175 - INFO - Progress: 5/100 symbols (5.0%)
2025-05-28 00:06:27,176 - INFO - Processing batch 2 of 20 (5 symbols)
2025-05-28 00:06:27,176 - INFO - Processing data for AMT...
2025-05-28 00:07:41,251 - INFO - Completed processing for AMT
2025-05-28 00:07:53,253 - INFO - Processing data for AMX...
2025-05-28 00:09:07,713 - INFO - Completed processing for AMX
2025-05-28 00:09:19,714 - INFO - Processing data for AMZN...
2025-05-28 00:10:34,186 - INFO - Completed processing for AMZN
2025-05-28 00:10:46,187 - INFO - Processing data for APD...
2025-05-28 00:12:00,473 - INFO - Completed processing for APD
2025-05-28 00:12:12,474 - INFO - Processing data for ATUS...
2025-05-28 00:13:26,704 - INFO - Completed processing for ATUS
2025-05-28 00:13:38,705 - INFO - Progress: 10/100 symbols (10.0%)
2025-05-28 00:13:38,706 - INFO - Processing batch 3 of 20 (5 symbols)
2025-05-28 00:13:38,706 - INFO - Processing data for AXP...
2025-05-28 00:22:40,720 - INFO - Completed processing for AXP
2025-05-28 00:22:52,723 - INFO - Processing data for BA...
2025-05-28 00:24:07,757 - INFO - Completed processing for BA
2025-05-28 00:24:19,758 - INFO - Processing data for BAC...
2025-05-28 00:27:40,216 - INFO - Completed processing for BAC
2025-05-28 00:54:21,142 - INFO - Processing data for BCE...
2025-05-28 12:51:14,709 - INFO - Completed processing for BCE
2025-05-28 12:51:26,711 - INFO - Processing data for BLK...
2025-05-28 12:52:41,215 - INFO - Completed processing for BLK
2025-05-28 12:52:53,217 - INFO - Progress: 15/100 symbols (15.0%)
2025-05-28 12:52:53,218 - INFO - Processing batch 4 of 20 (5 symbols)
2025-05-28 12:52:53,219 - INFO - Processing data for BMY...
2025-05-28 12:54:07,752 - INFO - Completed processing for BMY
2025-05-28 12:54:19,754 - INFO - Processing data for C...
2025-05-28 12:55:34,300 - INFO - Completed processing for C
2025-05-28 12:55:46,301 - INFO - Processing data for CAT...
2025-05-28 12:57:00,754 - INFO - Completed processing for CAT
2025-05-28 12:57:12,755 - INFO - Processing data for CCI...
2025-05-28 12:58:27,204 - INFO - Completed processing for CCI
2025-05-28 12:58:39,206 - INFO - Processing data for CHTR...
2025-05-28 12:59:53,718 - INFO - Completed processing for CHTR
2025-05-28 13:00:05,719 - INFO - Progress: 20/100 symbols (20.0%)
2025-05-28 13:00:05,720 - INFO - Processing batch 5 of 20 (5 symbols)
2025-05-28 13:00:05,720 - INFO - Processing data for CMCSA...
2025-05-28 13:01:20,644 - INFO - Completed processing for CMCSA
2025-05-28 13:01:32,645 - INFO - Processing data for COP...
2025-05-28 13:02:47,166 - INFO - Completed processing for COP
2025-05-28 13:02:59,167 - INFO - Processing data for CRM...
2025-05-28 13:04:13,762 - INFO - Completed processing for CRM
2025-05-28 13:04:25,764 - INFO - Processing data for CVX...
2025-05-28 13:05:40,416 - INFO - Completed processing for CVX
2025-05-28 13:05:52,417 - INFO - Processing data for D...
2025-05-28 13:07:07,204 - INFO - Completed processing for D
2025-05-28 13:07:19,205 - INFO - Progress: 25/100 symbols (25.0%)
2025-05-28 13:07:19,205 - INFO - Processing batch 6 of 20 (5 symbols)
2025-05-28 13:07:19,206 - INFO - Processing data for DE...
2025-05-28 13:08:35,179 - INFO - Completed processing for DE
2025-05-28 13:08:47,180 - INFO - Processing data for DHR...
2025-05-28 13:10:02,287 - INFO - Completed processing for DHR
2025-05-28 13:10:14,289 - INFO - Processing data for DIS...
2025-05-28 13:11:29,147 - INFO - Completed processing for DIS
2025-05-28 13:11:41,148 - INFO - Processing data for DLR...
2025-05-28 13:12:55,725 - INFO - Completed processing for DLR
2025-05-28 13:13:07,727 - INFO - Processing data for DOW...
2025-05-28 13:14:22,374 - INFO - Completed processing for DOW
2025-05-28 13:14:34,375 - INFO - Progress: 30/100 symbols (30.0%)
2025-05-28 13:14:34,376 - INFO - Processing batch 7 of 20 (5 symbols)
2025-05-28 13:14:34,376 - INFO - Processing data for DUK...
2025-05-28 13:15:48,453 - INFO - Completed processing for DUK
2025-05-28 13:16:00,455 - INFO - Processing data for ECL...
2025-05-28 13:17:14,668 - INFO - Completed processing for ECL
2025-05-28 13:17:26,670 - INFO - Processing data for EOG...
2025-05-28 13:18:40,965 - INFO - Completed processing for EOG
2025-05-28 13:18:52,966 - INFO - Processing data for EQIX...
2025-05-28 13:20:07,984 - INFO - Completed processing for EQIX
2025-05-28 13:20:19,985 - INFO - Processing data for ES...
2025-05-28 13:21:34,269 - INFO - Completed processing for ES
2025-05-28 13:21:46,270 - INFO - Progress: 35/100 symbols (35.0%)
2025-05-28 13:21:46,271 - INFO - Processing batch 8 of 20 (5 symbols)
2025-05-28 13:21:46,271 - INFO - Processing data for EXC...
2025-05-28 13:23:02,622 - INFO - Completed processing for EXC
2025-05-28 13:23:14,623 - INFO - Processing data for FCX...
2025-05-28 13:24:29,199 - INFO - Completed processing for FCX
2025-05-28 13:24:41,200 - INFO - Processing data for FDX...
2025-05-28 13:25:55,847 - INFO - Completed processing for FDX
2025-05-28 13:26:07,848 - INFO - Processing data for GE...
2025-05-28 13:27:22,416 - INFO - Completed processing for GE
2025-05-28 13:27:34,418 - INFO - Processing data for GOOGL...
2025-05-28 13:28:50,478 - INFO - Completed processing for GOOGL
2025-05-28 13:29:02,479 - INFO - Progress: 40/100 symbols (40.0%)
2025-05-28 13:29:02,479 - INFO - Processing batch 9 of 20 (5 symbols)
2025-05-28 13:29:02,479 - INFO - Processing data for GS...
2025-05-28 13:30:16,954 - INFO - Completed processing for GS
2025-05-28 13:30:28,955 - INFO - Processing data for HD...
2025-05-28 13:31:43,590 - INFO - Completed processing for HD
2025-05-28 13:31:55,591 - INFO - Processing data for HON...
2025-05-28 13:33:10,157 - INFO - Completed processing for HON
2025-05-28 13:33:22,158 - INFO - Processing data for INTC...
2025-05-28 13:34:38,988 - INFO - Completed processing for INTC
2025-05-28 13:34:50,990 - INFO - Processing data for JNJ...
2025-05-28 13:36:05,433 - INFO - Completed processing for JNJ
2025-05-28 13:36:17,435 - INFO - Progress: 45/100 symbols (45.0%)
2025-05-28 13:36:17,435 - INFO - Processing batch 10 of 20 (5 symbols)
2025-05-28 13:36:17,435 - INFO - Processing data for JPM...
2025-05-28 13:37:36,782 - INFO - Completed processing for JPM
2025-05-28 13:37:48,783 - INFO - Processing data for KMI...
2025-05-28 13:39:04,934 - INFO - Completed processing for KMI
2025-05-28 13:39:16,936 - INFO - Processing data for KO...
2025-05-28 13:40:31,500 - INFO - Completed processing for KO
2025-05-28 13:40:43,501 - INFO - Processing data for LIN...
2025-05-28 13:41:59,589 - INFO - Completed processing for LIN
2025-05-28 13:42:11,591 - INFO - Processing data for LLY...
2025-05-28 13:43:27,191 - INFO - Completed processing for LLY
2025-05-28 13:43:39,192 - INFO - Progress: 50/100 symbols (50.0%)
2025-05-28 13:43:39,192 - INFO - Processing batch 11 of 20 (5 symbols)
2025-05-28 13:43:39,193 - INFO - Processing data for LMT...
2025-05-28 13:44:53,537 - INFO - Completed processing for LMT
2025-05-28 13:45:05,539 - INFO - Processing data for MA...
2025-05-28 13:46:21,602 - INFO - Completed processing for MA
2025-05-28 13:46:33,604 - INFO - Processing data for MCD...
2025-05-28 13:47:48,760 - INFO - Completed processing for MCD
2025-05-28 13:48:00,762 - INFO - Processing data for META...
2025-05-28 13:49:16,736 - INFO - Completed processing for META
2025-05-28 13:49:28,737 - INFO - Processing data for MLM...
2025-05-28 13:50:43,532 - INFO - Completed processing for MLM
2025-05-28 13:50:55,533 - INFO - Progress: 55/100 symbols (55.0%)
2025-05-28 13:50:55,533 - INFO - Processing batch 12 of 20 (5 symbols)
2025-05-28 13:50:55,534 - INFO - Processing data for MMM...
2025-05-28 13:52:10,104 - INFO - Completed processing for MMM
2025-05-28 13:52:22,105 - INFO - Processing data for MPC...
2025-05-28 13:53:38,351 - INFO - Completed processing for MPC
2025-05-28 13:53:50,352 - INFO - Processing data for MRK...
2025-05-28 13:55:05,604 - INFO - Completed processing for MRK
2025-05-28 13:55:17,605 - INFO - Processing data for MS...
2025-05-28 13:56:32,076 - INFO - Completed processing for MS
2025-05-28 13:56:44,087 - INFO - Processing data for MSFT...
2025-05-28 13:57:59,222 - INFO - Completed processing for MSFT
2025-05-28 13:58:11,223 - INFO - Progress: 60/100 symbols (60.0%)
2025-05-28 13:58:11,223 - INFO - Processing batch 13 of 20 (5 symbols)
2025-05-28 13:58:11,223 - INFO - Processing data for NEE...
2025-05-28 13:59:25,761 - INFO - Completed processing for NEE
2025-05-28 13:59:37,763 - INFO - Processing data for NEM...
2025-05-28 14:00:53,291 - INFO - Completed processing for NEM
2025-05-28 14:01:05,293 - INFO - Processing data for NKE...
2025-05-28 14:02:19,911 - INFO - Completed processing for NKE
2025-05-28 14:02:31,912 - INFO - Processing data for NUE...
2025-05-28 14:03:47,266 - INFO - Completed processing for NUE
2025-05-28 14:03:59,267 - INFO - Processing data for NVDA...
2025-05-28 14:05:14,811 - INFO - Completed processing for NVDA
2025-05-28 14:05:26,812 - INFO - Progress: 65/100 symbols (65.0%)
2025-05-28 14:05:26,813 - INFO - Processing batch 14 of 20 (5 symbols)
2025-05-28 14:05:26,813 - INFO - Processing data for O...
2025-05-28 14:11:50,766 - INFO - Completed processing for O
2025-05-28 14:12:02,767 - INFO - Processing data for OXY...
2025-05-28 14:13:17,688 - INFO - Completed processing for OXY
2025-05-28 14:13:29,690 - INFO - Processing data for PEP...
2025-05-28 14:14:44,556 - INFO - Completed processing for PEP
2025-05-28 14:14:56,558 - INFO - Processing data for PFE...
2025-05-28 14:16:11,211 - INFO - Completed processing for PFE
2025-05-28 14:16:23,212 - INFO - Processing data for PG...
2025-05-28 14:17:37,820 - INFO - Completed processing for PG
2025-05-28 14:17:49,821 - INFO - Progress: 70/100 symbols (70.0%)
2025-05-28 14:17:49,821 - INFO - Processing batch 15 of 20 (5 symbols)
2025-05-28 14:17:49,821 - INFO - Processing data for PLD...
2025-05-28 14:19:04,155 - INFO - Completed processing for PLD
2025-05-28 14:19:16,155 - INFO - Processing data for PSA...
2025-05-28 14:20:30,814 - INFO - Completed processing for PSA
2025-05-28 14:20:42,816 - INFO - Processing data for PSX...
2025-05-28 14:21:57,422 - INFO - Completed processing for PSX
2025-05-28 14:22:09,424 - INFO - Processing data for RCI...
2025-05-28 14:23:23,936 - INFO - Completed processing for RCI
2025-05-28 14:23:35,937 - INFO - Processing data for RTX...
2025-05-28 14:24:50,517 - INFO - Completed processing for RTX
2025-05-28 14:25:02,518 - INFO - Progress: 75/100 symbols (75.0%)
2025-05-28 14:25:02,519 - INFO - Processing batch 16 of 20 (5 symbols)
2025-05-28 14:25:02,519 - INFO - Processing data for SBAC...
2025-05-28 14:26:17,129 - INFO - Completed processing for SBAC
2025-05-28 14:26:29,131 - INFO - Processing data for SBUX...
2025-05-28 14:27:43,583 - INFO - Completed processing for SBUX
2025-05-28 14:27:55,584 - INFO - Processing data for SHW...
2025-05-28 14:29:10,241 - INFO - Completed processing for SHW
2025-05-28 14:29:22,242 - INFO - Processing data for SLB...
2025-05-28 14:30:37,978 - INFO - Completed processing for SLB
2025-05-28 14:30:49,980 - INFO - Processing data for SO...
2025-05-28 14:32:14,535 - INFO - Completed processing for SO
2025-05-28 14:32:26,536 - INFO - Progress: 80/100 symbols (80.0%)
2025-05-28 14:32:26,537 - INFO - Processing batch 17 of 20 (5 symbols)
2025-05-28 14:32:26,537 - INFO - Processing data for SPG...
2025-05-28 14:33:41,173 - INFO - Completed processing for SPG
2025-05-28 14:33:53,174 - INFO - Processing data for SRE...
2025-05-28 14:35:07,346 - INFO - Completed processing for SRE
2025-05-28 14:35:19,347 - INFO - Processing data for T...
2025-05-28 14:36:34,155 - INFO - Completed processing for T
2025-05-28 14:36:46,156 - INFO - Processing data for TEF...
2025-05-28 14:38:00,632 - INFO - Completed processing for TEF
2025-05-28 14:38:12,633 - INFO - Processing data for TGT...
2025-05-28 14:39:27,261 - INFO - Completed processing for TGT
2025-05-28 14:39:39,262 - INFO - Progress: 85/100 symbols (85.0%)
2025-05-28 14:39:39,262 - INFO - Processing batch 18 of 20 (5 symbols)
2025-05-28 14:39:39,262 - INFO - Processing data for TMO...
2025-05-28 14:40:53,985 - INFO - Completed processing for TMO
2025-05-28 14:41:05,987 - INFO - Processing data for TMUS...
2025-05-28 14:42:20,569 - INFO - Completed processing for TMUS
2025-05-28 14:42:32,571 - INFO - Processing data for TSLA...
2025-05-28 14:43:46,936 - INFO - Completed processing for TSLA
2025-05-28 14:43:58,937 - INFO - Processing data for UNH...
2025-05-28 14:45:13,957 - INFO - Completed processing for UNH
2025-05-28 14:45:25,957 - INFO - Processing data for UPS...
2025-05-28 14:46:40,702 - INFO - Completed processing for UPS
2025-05-28 14:46:52,703 - INFO - Progress: 90/100 symbols (90.0%)
2025-05-28 14:46:52,703 - INFO - Processing batch 19 of 20 (5 symbols)
2025-05-28 14:46:52,704 - INFO - Processing data for V...
2025-05-28 14:48:07,447 - INFO - Completed processing for V
2025-05-28 14:48:19,448 - INFO - Processing data for VLO...
2025-05-28 14:49:37,207 - INFO - Completed processing for VLO
2025-05-28 14:49:49,208 - INFO - Processing data for VMC...
2025-05-28 14:51:03,880 - INFO - Completed processing for VMC
2025-05-28 14:51:15,882 - INFO - Processing data for VZ...
2025-05-28 14:52:30,438 - INFO - Completed processing for VZ
2025-05-28 14:52:42,439 - INFO - Processing data for WEC...
2025-05-28 14:53:57,165 - INFO - Completed processing for WEC
2025-05-28 14:54:09,166 - INFO - Progress: 95/100 symbols (95.0%)
2025-05-28 14:54:09,166 - INFO - Processing batch 20 of 20 (5 symbols)
2025-05-28 14:54:09,166 - INFO - Processing data for WELL...
2025-05-28 14:55:23,800 - INFO - Completed processing for WELL
2025-05-28 14:55:35,802 - INFO - Processing data for WFC...
2025-05-28 14:56:50,656 - INFO - Completed processing for WFC
2025-05-28 14:57:02,658 - INFO - Processing data for WMT...
2025-05-28 14:58:17,064 - INFO - Completed processing for WMT
2025-05-28 14:58:29,065 - INFO - Processing data for XEL...
2025-05-28 14:59:43,736 - INFO - Completed processing for XEL
2025-05-28 14:59:55,738 - INFO - Processing data for XOM...
2025-05-28 15:01:10,385 - INFO - Completed processing for XOM
2025-05-28 15:01:22,386 - INFO - Progress: 100/100 symbols (100.0%)
2025-05-28 15:01:22,402 - INFO - Data ingestion process complete
